kotlin version: 2.2.10
error message: java.lang.RuntimeException: Exception while generating code for:
FUN name:BookDetailsScreen visibility:public modality:FINAL returnType:kotlin.Unit
  VALUE_PARAMETER kind:Regular name:bookId index:0 type:kotlin.Int
  VALUE_PARAMETER kind:Regular name:onBack index:1 type:kotlin.Function0<kotlin.Unit>
  annotations:
    Composable
  BLOCK_BODY
    VAR name:vm type:com.morotech.booknest.viewModel.bookDetails.BookDetailsViewModel [val]
      TYPE_OP type=com.morotech.booknest.viewModel.bookDetails.BookDetailsViewModel origin=IMPLICIT_CAST typeOperand=com.morotech.booknest.viewModel.bookDetails.BookDetailsViewModel
        CALL 'public final fun koinViewModel$default <T> (qualifier: org.koin.core.qualifier.Qualifier?, viewModelStoreOwner: androidx.lifecycle.ViewModelStoreOwner?, key: kotlin.String?, extras: androidx.lifecycle.viewmodel.CreationExtras?, scope: org.koin.core.scope.Scope?, parameters: kotlin.Function0<org.koin.core.parameter.ParametersHolder>?, $mask0: kotlin.Int, $handler: kotlin.Any?): T of org.koin.androidx.compose.ViewModelKt.koinViewModel$default [inline] declared in org.koin.androidx.compose.ViewModelKt' type=T of org.koin.androidx.compose.ViewModelKt.koinViewModel$default origin=DEFAULT_DISPATCH_CALL
          TYPE_ARG T: com.morotech.booknest.viewModel.bookDetails.BookDetailsViewModel
          ARG qualifier: COMPOSITE type=org.koin.core.qualifier.Qualifier? origin=DEFAULT_VALUE
            CONST Null type=org.koin.core.qualifier.Qualifier? value=null
          ARG viewModelStoreOwner: COMPOSITE type=androidx.lifecycle.ViewModelStoreOwner? origin=DEFAULT_VALUE
            CONST Null type=androidx.lifecycle.ViewModelStoreOwner? value=null
          ARG key: COMPOSITE type=kotlin.String? origin=DEFAULT_VALUE
            CONST Null type=kotlin.String? value=null
          ARG extras: COMPOSITE type=androidx.lifecycle.viewmodel.CreationExtras? origin=DEFAULT_VALUE
            CONST Null type=androidx.lifecycle.viewmodel.CreationExtras? value=null
          ARG scope: COMPOSITE type=org.koin.core.scope.Scope? origin=DEFAULT_VALUE
            CONST Null type=org.koin.core.scope.Scope? value=null
          ARG parameters: COMPOSITE type=kotlin.Function0<org.koin.core.parameter.ParametersHolder>? origin=DEFAULT_VALUE
            CONST Null type=kotlin.Function0<org.koin.core.parameter.ParametersHolder>? value=null
          ARG $mask0: CONST Int type=kotlin.Int value=63
          ARG $handler: CONST Null type=kotlin.Any? value=null
    VAR PROPERTY_DELEGATE name:state$delegate type:androidx.compose.runtime.State<com.morotech.booknest.viewModel.bookDetails.BookDetailsUiState> [val]
      TYPE_OP type=androidx.compose.runtime.State<com.morotech.booknest.viewModel.bookDetails.BookDetailsUiState> origin=IMPLICIT_CAST typeOperand=androidx.compose.runtime.State<com.morotech.booknest.viewModel.bookDetails.BookDetailsUiState>
        CALL 'public final fun collectAsState$default <T> (<this>: kotlinx.coroutines.flow.StateFlow<T of androidx.compose.runtime.SnapshotStateKt.collectAsState$default>, context: kotlin.coroutines.CoroutineContext?, $mask0: kotlin.Int, $handler: kotlin.Any?): androidx.compose.runtime.State<T of androidx.compose.runtime.SnapshotStateKt.collectAsState$default> declared in androidx.compose.runtime.SnapshotStateKt' type=androidx.compose.runtime.State<T of androidx.compose.runtime.SnapshotStateKt.collectAsState$default> origin=DEFAULT_DISPATCH_CALL
          TYPE_ARG T: com.morotech.booknest.viewModel.bookDetails.BookDetailsUiState
          ARG <this>: CALL 'public final fun <get-state> (): kotlinx.coroutines.flow.MutableStateFlow<com.morotech.booknest.viewModel.bookDetails.BookDetailsUiState> declared in com.morotech.booknest.viewModel.bookDetails.BookDetailsViewModel' type=kotlinx.coroutines.flow.MutableStateFlow<com.morotech.booknest.viewModel.bookDetails.BookDetailsUiState> origin=GET_PROPERTY
            ARG <this>: GET_VAR 'val vm: com.morotech.booknest.viewModel.bookDetails.BookDetailsViewModel [val] declared in com.morotech.booknest.ui.BookDetailsScreenKt.BookDetailsScreen' type=com.morotech.booknest.viewModel.bookDetails.BookDetailsViewModel origin=null
          ARG context: COMPOSITE type=kotlin.coroutines.CoroutineContext? origin=DEFAULT_VALUE
            CONST Null type=kotlin.coroutines.CoroutineContext? value=null
          ARG $mask0: CONST Int type=kotlin.Int value=1
          ARG $handler: CONST Null type=kotlin.Any? value=null
    CALL 'public final fun LaunchedEffect (key1: kotlin.Any?, block: @[ExtensionFunctionType] kotlin.coroutines.SuspendFunction1<kotlinx.coroutines.CoroutineScope, kotlin.Unit>): kotlin.Unit declared in androidx.compose.runtime.EffectsKt' type=kotlin.Unit origin=null
      ARG key1: GET_VAR 'bookId: kotlin.Int declared in com.morotech.booknest.ui.BookDetailsScreenKt.BookDetailsScreen' type=kotlin.Int origin=null
      ARG block: BLOCK type=com.morotech.booknest.ui.BookDetailsScreenKt.BookDetailsScreen.<no name provided> origin=null
        CLASS SUSPEND_LAMBDA CLASS name:<no name provided> modality:FINAL visibility:public/*package*/ superTypes:[kotlin.coroutines.jvm.internal.SuspendLambda; kotlin.jvm.functions.Function2<kotlinx.coroutines.CoroutineScope, kotlin.coroutines.Continuation<kotlin.Unit>?, kotlin.Any?>]
          thisReceiver: VALUE_PARAMETER INSTANCE_RECEIVER kind:DispatchReceiver name:<this> type:com.morotech.booknest.ui.BookDetailsScreenKt.BookDetailsScreen.<no name provided>
          FIELD name:label type:kotlin.Int visibility:public/*package*/
          CONSTRUCTOR SUSPEND_LAMBDA visibility:public/*package*/ returnType:com.morotech.booknest.ui.BookDetailsScreenKt.BookDetailsScreen.<no name provided> [primary]
            VALUE_PARAMETER BOUND_VALUE_PARAMETER kind:Regular name:$vm index:0 type:com.morotech.booknest.viewModel.bookDetails.BookDetailsViewModel
            VALUE_PARAMETER BOUND_VALUE_PARAMETER kind:Regular name:$bookId index:1 type:kotlin.Int
            VALUE_PARAMETER kind:Regular name:$completion index:2 type:kotlin.coroutines.Continuation<com.morotech.booknest.ui.BookDetailsScreenKt.BookDetailsScreen.<no name provided>>?
            BLOCK_BODY
              SET_FIELD 'FIELD FIELD_FOR_CAPTURED_VALUE name:$vm type:com.morotech.booknest.viewModel.bookDetails.BookDetailsViewModel visibility:public/*package*/ [final] declared in com.morotech.booknest.ui.BookDetailsScreenKt.BookDetailsScreen.<no name provided>' type=kotlin.Unit origin=INITIALIZER_OF_FIELD_FOR_CAPTURED_VALUE
                receiver: GET_VAR '<this>: com.morotech.booknest.ui.BookDetailsScreenKt.BookDetailsScreen.<no name provided> declared in com.morotech.booknest.ui.BookDetailsScreenKt.BookDetailsScreen.<no name provided>' type=com.morotech.booknest.ui.BookDetailsScreenKt.BookDetailsScreen.<no name provided> origin=null
                value: GET_VAR '$vm: com.morotech.booknest.viewModel.bookDetails.BookDetailsViewModel declared in com.morotech.booknest.ui.BookDetailsScreenKt.BookDetailsScreen.<no name provided>.<init>' type=com.morotech.booknest.viewModel.bookDetails.BookDetailsViewModel origin=null
              SET_FIELD 'FIELD FIELD_FOR_CAPTURED_VALUE name:$bookId type:kotlin.Int visibility:public/*package*/ [final] declared in com.morotech.booknest.ui.BookDetailsScreenKt.BookDetailsScreen.<no name provided>' type=kotlin.Unit origin=INITIALIZER_OF_FIELD_FOR_CAPTURED_VALUE
                receiver: GET_VAR '<this>: com.morotech.booknest.ui.BookDetailsScreenKt.BookDetailsScreen.<no name provided> declared in com.morotech.booknest.ui.BookDetailsScreenKt.BookDetailsScreen.<no name provided>' type=com.morotech.booknest.ui.BookDetailsScreenKt.BookDetailsScreen.<no name provided> origin=null
                value: GET_VAR '$bookId: kotlin.Int declared in com.morotech.booknest.ui.BookDetailsScreenKt.BookDetailsScreen.<no name provided>.<init>' type=kotlin.Int origin=null
              DELEGATING_CONSTRUCTOR_CALL 'public constructor <init> (arity: kotlin.Int, $completion: kotlin.coroutines.Continuation<kotlin.Any?>?) declared in kotlin.coroutines.jvm.internal.SuspendLambda'
                ARG arity: CONST Int type=kotlin.Int value=2
                ARG $completion: GET_VAR '$completion: kotlin.coroutines.Continuation<com.morotech.booknest.ui.BookDetailsScreenKt.BookDetailsScreen.<no name provided>>? declared in com.morotech.booknest.ui.BookDetailsScreenKt.BookDetailsScreen.<no name provided>.<init>' type=kotlin.coroutines.Continuation<com.morotech.booknest.ui.BookDetailsScreenKt.BookDetailsScreen.<no name provided>>? origin=null
              BLOCK type=kotlin.Unit origin=null
          FUN name:invokeSuspend visibility:public modality:FINAL returnType:kotlin.Any?
            VALUE_PARAMETER INSTANCE_RECEIVER kind:DispatchReceiver name:<this> index:0 type:com.morotech.booknest.ui.BookDetailsScreenKt.BookDetailsScreen.<no name provided>
            VALUE_PARAMETER kind:Regular name:$result index:1 type:kotlin.Result<kotlin.Any?>
            overridden:
              protected abstract fun invokeSuspend ($result: kotlin.Result<kotlin.Any?>): kotlin.Any? declared in kotlin.coroutines.jvm.internal.SuspendLambda
            BLOCK_BODY
              CALL 'public final fun load (id: kotlin.Int): kotlin.Unit declared in com.morotech.booknest.viewModel.bookDetails.BookDetailsViewModel' type=kotlin.Unit origin=null
                ARG <this>: GET_FIELD 'FIELD FIELD_FOR_CAPTURED_VALUE name:$vm type:com.morotech.booknest.viewModel.bookDetails.BookDetailsViewModel visibility:public/*package*/ [final] declared in com.morotech.booknest.ui.BookDetailsScreenKt.BookDetailsScreen.<no name provided>' type=com.morotech.booknest.viewModel.bookDetails.BookDetailsViewModel origin=null
                  receiver: GET_VAR '<this>: com.morotech.booknest.ui.BookDetailsScreenKt.BookDetailsScreen.<no name provided> declared in com.morotech.booknest.ui.BookDetailsScreenKt.BookDetailsScreen.<no name provided>.invokeSuspend' type=com.morotech.booknest.ui.BookDetailsScreenKt.BookDetailsScreen.<no name provided> origin=null
                ARG id: GET_FIELD 'FIELD FIELD_FOR_CAPTURED_VALUE name:$bookId type:kotlin.Int visibility:public/*package*/ [final] declared in com.morotech.booknest.ui.BookDetailsScreenKt.BookDetailsScreen.<no name provided>' type=kotlin.Int origin=null
                  receiver: GET_VAR '<this>: com.morotech.booknest.ui.BookDetailsScreenKt.BookDetailsScreen.<no name provided> declared in com.morotech.booknest.ui.BookDetailsScreenKt.BookDetailsScreen.<no name provided>.invokeSuspend' type=com.morotech.booknest.ui.BookDetailsScreenKt.BookDetailsScreen.<no name provided> origin=null
          FUN name:create visibility:public modality:FINAL returnType:kotlin.coroutines.Continuation<kotlin.Unit>
            VALUE_PARAMETER INSTANCE_RECEIVER kind:DispatchReceiver name:<this> index:0 type:com.morotech.booknest.ui.BookDetailsScreenKt.BookDetailsScreen.<no name provided>
            VALUE_PARAMETER kind:Regular name:value index:1 type:kotlin.Any?
            VALUE_PARAMETER kind:Regular name:$completion index:2 type:kotlin.coroutines.Continuation<kotlin.Nothing>
            overridden:
              public open fun create (value: kotlin.Any?, $completion: kotlin.coroutines.Continuation<kotlin.Nothing>): kotlin.coroutines.Continuation<kotlin.Unit> declared in kotlin.coroutines.jvm.internal.SuspendLambda
            BLOCK_BODY
              RETURN type=kotlin.Nothing from='public final fun create (value: kotlin.Any?, $completion: kotlin.coroutines.Continuation<kotlin.Nothing>): kotlin.coroutines.Continuation<kotlin.Unit> declared in com.morotech.booknest.ui.BookDetailsScreenKt.BookDetailsScreen.<no name provided>'
                CONSTRUCTOR_CALL 'public/*package*/ constructor <init> ($vm: com.morotech.booknest.viewModel.bookDetails.BookDetailsViewModel, $bookId: kotlin.Int, $completion: kotlin.coroutines.Continuation<com.morotech.booknest.ui.BookDetailsScreenKt.BookDetailsScreen.<no name provided>>?) [primary] declared in com.morotech.booknest.ui.BookDetailsScreenKt.BookDetailsScreen.<no name provided>' type=com.morotech.booknest.ui.BookDetailsScreenKt.BookDetailsScreen.<no name provided> origin=null
                  ARG $vm: GET_FIELD 'FIELD FIELD_FOR_CAPTURED_VALUE name:$vm type:com.morotech.booknest.viewModel.bookDetails.BookDetailsViewModel visibility:public/*package*/ [final] declared in com.morotech.booknest.ui.BookDetailsScreenKt.BookDetailsScreen.<no name provided>' type=com.morotech.booknest.viewModel.bookDetails.BookDetailsViewModel origin=null
                    receiver: GET_VAR '<this>: com.morotech.booknest.ui.BookDetailsScreenKt.BookDetailsScreen.<no name provided> declared in com.morotech.booknest.ui.BookDetailsScreenKt.BookDetailsScreen.<no name provided>.create' type=com.morotech.booknest.ui.BookDetailsScreenKt.BookDetailsScreen.<no name provided> origin=null
                  ARG $bookId: GET_FIELD 'FIELD FIELD_FOR_CAPTURED_VALUE name:$bookId type:kotlin.Int visibility:public/*package*/ [final] declared in com.morotech.booknest.ui.BookDetailsScreenKt.BookDetailsScreen.<no name provided>' type=kotlin.Int origin=null
                    receiver: GET_VAR '<this>: com.morotech.booknest.ui.BookDetailsScreenKt.BookDetailsScreen.<no name provided> declared in com.morotech.booknest.ui.BookDetailsScreenKt.BookDetailsScreen.<no name provided>.create' type=com.morotech.booknest.ui.BookDetailsScreenKt.BookDetailsScreen.<no name provided> origin=null
                  ARG $completion: GET_VAR '$completion: kotlin.coroutines.Continuation<kotlin.Nothing> declared in com.morotech.booknest.ui.BookDetailsScreenKt.BookDetailsScreen.<no name provided>.create' type=kotlin.coroutines.Continuation<kotlin.Nothing> origin=null
          FUN name:invoke visibility:public modality:FINAL returnType:kotlin.Any?
            VALUE_PARAMETER INSTANCE_RECEIVER kind:DispatchReceiver name:<this> index:0 type:com.morotech.booknest.ui.BookDetailsScreenKt.BookDetailsScreen.<no name provided>
            VALUE_PARAMETER kind:Regular name:p1 index:1 type:kotlinx.coroutines.CoroutineScope
            VALUE_PARAMETER kind:Regular name:p2 index:2 type:kotlin.coroutines.Continuation<kotlin.Unit>?
            overridden:
              public abstract fun invoke (p1: P1 of kotlin.jvm.functions.Function2, p2: P2 of kotlin.jvm.functions.Function2): R of kotlin.jvm.functions.Function2 declared in kotlin.jvm.functions.Function2
            BLOCK_BODY
              RETURN type=kotlin.Nothing from='public final fun invoke (p1: kotlinx.coroutines.CoroutineScope, p2: kotlin.coroutines.Continuation<kotlin.Unit>?): kotlin.Any? declared in com.morotech.booknest.ui.BookDetailsScreenKt.BookDetailsScreen.<no name provided>'
                CALL 'public final fun invokeSuspend ($result: kotlin.Result<kotlin.Any?>): kotlin.Any? declared in com.morotech.booknest.ui.BookDetailsScreenKt.BookDetailsScreen.<no name provided>' type=kotlin.Any? origin=null
                  ARG <this>: TYPE_OP type=com.morotech.booknest.ui.BookDetailsScreenKt.BookDetailsScreen.<no name provided> origin=IMPLICIT_CAST typeOperand=com.morotech.booknest.ui.BookDetailsScreenKt.BookDetailsScreen.<no name provided>
                    CALL 'public final fun create (value: kotlin.Any?, $completion: kotlin.coroutines.Continuation<kotlin.Nothing>): kotlin.coroutines.Continuation<kotlin.Unit> declared in com.morotech.booknest.ui.BookDetailsScreenKt.BookDetailsScreen.<no name provided>' type=kotlin.coroutines.Continuation<kotlin.Unit> origin=null
                      ARG <this>: GET_VAR '<this>: com.morotech.booknest.ui.BookDetailsScreenKt.BookDetailsScreen.<no name provided> declared in com.morotech.booknest.ui.BookDetailsScreenKt.BookDetailsScreen.<no name provided>.invoke' type=com.morotech.booknest.ui.BookDetailsScreenKt.BookDetailsScreen.<no name provided> origin=null
                      ARG value: GET_VAR 'p1: kotlinx.coroutines.CoroutineScope declared in com.morotech.booknest.ui.BookDetailsScreenKt.BookDetailsScreen.<no name provided>.invoke' type=kotlinx.coroutines.CoroutineScope origin=null
                      ARG $completion: GET_VAR 'p2: kotlin.coroutines.Continuation<kotlin.Unit>? declared in com.morotech.booknest.ui.BookDetailsScreenKt.BookDetailsScreen.<no name provided>.invoke' type=kotlin.coroutines.Continuation<kotlin.Unit>? origin=null
                  ARG $result: CALL 'public final fun <unsafe-coerce> <T, R> (v: T of kotlin.jvm.internal.<unsafe-coerce>): R of kotlin.jvm.internal.<unsafe-coerce> declared in kotlin.jvm.internal' type=kotlin.Result<kotlin.Any?> origin=null
                    TYPE_ARG T: kotlin.Any?
                    TYPE_ARG R: kotlin.Result<kotlin.Any?>
                    ARG v: GET_FIELD 'FIELD FIELD_FOR_OBJECT_INSTANCE name:INSTANCE type:kotlin.Unit visibility:public [final,static] declared in kotlin.Unit' type=kotlin.Unit origin=null
          FIELD FIELD_FOR_CAPTURED_VALUE name:$vm type:com.morotech.booknest.viewModel.bookDetails.BookDetailsViewModel visibility:public/*package*/ [final]
          FIELD FIELD_FOR_CAPTURED_VALUE name:$bookId type:kotlin.Int visibility:public/*package*/ [final]
          FUN BRIDGE name:invoke visibility:public modality:OPEN returnType:kotlin.Any?
            VALUE_PARAMETER INSTANCE_RECEIVER kind:DispatchReceiver name:<this> index:0 type:com.morotech.booknest.ui.BookDetailsScreenKt.BookDetailsScreen.<no name provided>
            VALUE_PARAMETER BRIDGE kind:Regular name:p1 index:1 type:kotlin.Any?
            VALUE_PARAMETER BRIDGE kind:Regular name:p2 index:2 type:kotlin.Any?
            EXPRESSION_BODY
              RETURN type=kotlin.Nothing from='public open fun invoke (p1: kotlin.Any?, p2: kotlin.Any?): kotlin.Any? declared in com.morotech.booknest.ui.BookDetailsScreenKt.BookDetailsScreen.<no name provided>'
                CALL 'public final fun invoke (p1: kotlinx.coroutines.CoroutineScope, p2: kotlin.coroutines.Continuation<kotlin.Unit>?): kotlin.Any? declared in com.morotech.booknest.ui.BookDetailsScreenKt.BookDetailsScreen.<no name provided>' type=kotlin.Any? origin=BRIDGE_DELEGATION
                  ARG <this>: GET_VAR '<this>: com.morotech.booknest.ui.BookDetailsScreenKt.BookDetailsScreen.<no name provided> declared in com.morotech.booknest.ui.BookDetailsScreenKt.BookDetailsScreen.<no name provided>.invoke' type=com.morotech.booknest.ui.BookDetailsScreenKt.BookDetailsScreen.<no name provided> origin=null
                  ARG p1: TYPE_OP type=kotlinx.coroutines.CoroutineScope origin=IMPLICIT_CAST typeOperand=kotlinx.coroutines.CoroutineScope
                    GET_VAR 'p1: kotlin.Any? declared in com.morotech.booknest.ui.BookDetailsScreenKt.BookDetailsScreen.<no name provided>.invoke' type=kotlin.Any? origin=null
                  ARG p2: TYPE_OP type=kotlin.coroutines.Continuation<*> origin=IMPLICIT_CAST typeOperand=kotlin.coroutines.Continuation<*>
                    GET_VAR 'p2: kotlin.Any? declared in com.morotech.booknest.ui.BookDetailsScreenKt.BookDetailsScreen.<no name provided>.invoke' type=kotlin.Any? origin=null
        CONSTRUCTOR_CALL 'public/*package*/ constructor <init> ($vm: com.morotech.booknest.viewModel.bookDetails.BookDetailsViewModel, $bookId: kotlin.Int, $completion: kotlin.coroutines.Continuation<com.morotech.booknest.ui.BookDetailsScreenKt.BookDetailsScreen.<no name provided>>?) [primary] declared in com.morotech.booknest.ui.BookDetailsScreenKt.BookDetailsScreen.<no name provided>' type=com.morotech.booknest.ui.BookDetailsScreenKt.BookDetailsScreen.<no name provided> origin=null
          ARG $vm: GET_VAR 'val vm: com.morotech.booknest.viewModel.bookDetails.BookDetailsViewModel [val] declared in com.morotech.booknest.ui.BookDetailsScreenKt.BookDetailsScreen' type=com.morotech.booknest.viewModel.bookDetails.BookDetailsViewModel origin=null
          ARG $bookId: GET_VAR 'bookId: kotlin.Int declared in com.morotech.booknest.ui.BookDetailsScreenKt.BookDetailsScreen' type=kotlin.Int origin=null
          ARG $completion: CONST Null type=kotlin.Nothing? value=null
    CALL 'public final fun Scaffold-axyFlp8$default (modifier: androidx.compose.ui.Modifier?, scaffoldState: androidx.compose.material.ScaffoldState?, topBar: @[Composable] kotlin.Function0<kotlin.Unit>?, bottomBar: @[Composable] kotlin.Function0<kotlin.Unit>?, snackbarHost: @[Composable] kotlin.Function1<androidx.compose.material.SnackbarHostState, kotlin.Unit>?, floatingActionButton: @[Composable] kotlin.Function0<kotlin.Unit>?, floatingActionButtonPosition: androidx.compose.material.FabPosition, isFloatingActionButtonDocked: kotlin.Boolean, drawerContent: @[Composable] @[ExtensionFunctionType] kotlin.Function1<androidx.compose.foundation.layout.ColumnScope, kotlin.Unit>?, drawerGesturesEnabled: kotlin.Boolean, drawerShape: androidx.compose.ui.graphics.Shape?, drawerElevation: androidx.compose.ui.unit.Dp, drawerBackgroundColor: androidx.compose.ui.graphics.Color, drawerContentColor: androidx.compose.ui.graphics.Color, drawerScrimColor: androidx.compose.ui.graphics.Color, backgroundColor: androidx.compose.ui.graphics.Color, contentColor: androidx.compose.ui.graphics.Color, content: @[Composable] kotlin.Function1<androidx.compose.foundation.layout.PaddingValues, kotlin.Unit>, $mask0: kotlin.Int, $handler: kotlin.Any?): kotlin.Unit declared in androidx.compose.material.ScaffoldKt' type=kotlin.Unit origin=DEFAULT_DISPATCH_CALL
      ARG modifier: COMPOSITE type=androidx.compose.ui.Modifier? origin=DEFAULT_VALUE
        CONST Null type=androidx.compose.ui.Modifier? value=null
      ARG scaffoldState: COMPOSITE type=androidx.compose.material.ScaffoldState? origin=DEFAULT_VALUE
        CONST Null type=androidx.compose.material.ScaffoldState? value=null
      ARG topBar: BLOCK type=kotlin.Function0<kotlin.Unit> origin=LAMBDA
        COMPOSITE type=kotlin.Unit origin=null
        CALL 'public final fun <jvm-indy> <T> (dynamicCall: T of kotlin.jvm.internal.<jvm-indy>, bootstrapMethodHandle: kotlin.Any, vararg bootstrapMethodArguments: kotlin.Any): T of kotlin.jvm.internal.<jvm-indy> declared in kotlin.jvm.internal' type=kotlin.Function0<kotlin.Unit> origin=null
          TYPE_ARG T: kotlin.Function0<kotlin.Unit>
          ARG dynamicCall: CALL 'public final fun invoke (p0: kotlin.Function0<kotlin.Unit>): kotlin.Function0<kotlin.Unit> declared in kotlin.jvm.internal.invokeDynamic' type=kotlin.Function0<kotlin.Unit> origin=null
            ARG p0: GET_VAR 'onBack: kotlin.Function0<kotlin.Unit> declared in com.morotech.booknest.ui.BookDetailsScreenKt.BookDetailsScreen' type=kotlin.Function0<kotlin.Unit> origin=null
          ARG bootstrapMethodHandle: CALL 'public final fun <jvm-method-handle> (tag: kotlin.Int, owner: kotlin.String, name: kotlin.String, descriptor: kotlin.String, isInterface: kotlin.Boolean): kotlin.Any declared in kotlin.jvm.internal' type=kotlin.Any origin=null
            ARG tag: CONST Int type=kotlin.Int value=6
            ARG owner: CONST String type=kotlin.String value="java/lang/invoke/LambdaMetafactory"
            ARG name: CONST String type=kotlin.String value="metafactory"
            ARG descriptor: CONST String type=kotlin.String value="(Ljava/lang/invoke/MethodHandles$Lookup;Ljava/lang/String;Ljava/lang/invoke/MethodType;Ljava/lang/invoke/MethodType;Ljava/lang/invoke/MethodHandle;Ljava/lang/invoke/MethodType;)Ljava/lang/invoke/CallSite;"
            ARG isInterface: CONST Boolean type=kotlin.Boolean value=false
          ARG bootstrapMethodArguments: VARARG type=kotlin.Array<kotlin.Any> varargElementType=kotlin.Any
            CALL 'public final fun <jvm-original-method-type> (method: kotlin.Any): kotlin.Any declared in kotlin.jvm.internal' type=kotlin.Any origin=null
              ARG method: RAW_FUNCTION_REFERENCE 'public abstract fun invoke (): R of kotlin.Function0 [operator] declared in kotlin.Function0' type=kotlin.Any
            RAW_FUNCTION_REFERENCE 'private final fun BookDetailsScreen$lambda$4 ($onBack: kotlin.Function0<kotlin.Unit>): kotlin.Unit? declared in com.morotech.booknest.ui.BookDetailsScreenKt' type=kotlin.Any
            CALL 'public final fun <jvm-original-method-type> (method: kotlin.Any): kotlin.Any declared in kotlin.jvm.internal' type=kotlin.Any origin=null
              ARG method: RAW_FUNCTION_REFERENCE 'public abstract fun invoke (): kotlin.Unit? [fake_override,operator] declared in kotlin.jvm.internal.invokeDynamic.<fake>' type=kotlin.Any
      ARG bottomBar: COMPOSITE type=@[Composable] kotlin.Function0<kotlin.Unit>? origin=DEFAULT_VALUE
        CONST Null type=@[Composable] kotlin.Function0<kotlin.Unit>? value=null
      ARG snackbarHost: COMPOSITE type=@[Composable] kotlin.Function1<androidx.compose.material.SnackbarHostState, kotlin.Unit>? origin=DEFAULT_VALUE
        CONST Null type=@[Composable] kotlin.Function1<androidx.compose.material.SnackbarHostState, kotlin.Unit>? value=null
      ARG floatingActionButton: COMPOSITE type=@[Composable] kotlin.Function0<kotlin.Unit>? origin=DEFAULT_VALUE
        CONST Null type=@[Composable] kotlin.Function0<kotlin.Unit>? value=null
      ARG floatingActionButtonPosition: COMPOSITE type=androidx.compose.material.FabPosition origin=DEFAULT_VALUE
        CALL 'public final fun <unsafe-coerce> <T, R> (v: T of kotlin.jvm.internal.<unsafe-coerce>): R of kotlin.jvm.internal.<unsafe-coerce> declared in kotlin.jvm.internal' type=androidx.compose.material.FabPosition origin=null
          TYPE_ARG T: kotlin.Int
          TYPE_ARG R: androidx.compose.material.FabPosition
          ARG v: CONST Int type=kotlin.Int value=0
      ARG isFloatingActionButtonDocked: COMPOSITE type=kotlin.Boolean origin=DEFAULT_VALUE
        CONST Boolean type=kotlin.Boolean value=false
      ARG drawerContent: COMPOSITE type=@[Composable] @[ExtensionFunctionType] kotlin.Function1<androidx.compose.foundation.layout.ColumnScope, kotlin.Unit>? origin=DEFAULT_VALUE
        CONST Null type=@[Composable] @[ExtensionFunctionType] kotlin.Function1<androidx.compose.foundation.layout.ColumnScope, kotlin.Unit>? value=null
      ARG drawerGesturesEnabled: COMPOSITE type=kotlin.Boolean origin=DEFAULT_VALUE
        CONST Boolean type=kotlin.Boolean value=false
      ARG drawerShape: COMPOSITE type=androidx.compose.ui.graphics.Shape? origin=DEFAULT_VALUE
        CONST Null type=androidx.compose.ui.graphics.Shape? value=null
      ARG drawerElevation: COMPOSITE type=androidx.compose.ui.unit.Dp origin=DEFAULT_VALUE
        CALL 'public final fun <unsafe-coerce> <T, R> (v: T of kotlin.jvm.internal.<unsafe-coerce>): R of kotlin.jvm.internal.<unsafe-coerce> declared in kotlin.jvm.internal' type=androidx.compose.ui.unit.Dp origin=null
          TYPE_ARG T: kotlin.Float
          TYPE_ARG R: androidx.compose.ui.unit.Dp
          ARG v: CONST Float type=kotlin.Float value=0.0
      ARG drawerBackgroundColor: COMPOSITE type=androidx.compose.ui.graphics.Color origin=DEFAULT_VALUE
        CALL 'public final fun <unsafe-coerce> <T, R> (v: T of kotlin.jvm.internal.<unsafe-coerce>): R of kotlin.jvm.internal.<unsafe-coerce> declared in kotlin.jvm.internal' type=androidx.compose.ui.graphics.Color origin=null
          TYPE_ARG T: kotlin.Long
          TYPE_ARG R: androidx.compose.ui.graphics.Color
          ARG v: CONST Long type=kotlin.Long value=0
      ARG drawerContentColor: COMPOSITE type=androidx.compose.ui.graphics.Color origin=DEFAULT_VALUE
        CALL 'public final fun <unsafe-coerce> <T, R> (v: T of kotlin.jvm.internal.<unsafe-coerce>): R of kotlin.jvm.internal.<unsafe-coerce> declared in kotlin.jvm.internal' type=androidx.compose.ui.graphics.Color origin=null
          TYPE_ARG T: kotlin.Long
          TYPE_ARG R: androidx.compose.ui.graphics.Color
          ARG v: CONST Long type=kotlin.Long value=0
      ARG drawerScrimColor: COMPOSITE type=androidx.compose.ui.graphics.Color origin=DEFAULT_VALUE
        CALL 'public final fun <unsafe-coerce> <T, R> (v: T of kotlin.jvm.internal.<unsafe-coerce>): R of kotlin.jvm.internal.<unsafe-coerce> declared in kotlin.jvm.internal' type=androidx.compose.ui.graphics.Color origin=null
          TYPE_ARG T: kotlin.Long
          TYPE_ARG R: androidx.compose.ui.graphics.Color
          ARG v: CONST Long type=kotlin.Long value=0
      ARG backgroundColor: COMPOSITE type=androidx.compose.ui.graphics.Color origin=DEFAULT_VALUE
        CALL 'public final fun <unsafe-coerce> <T, R> (v: T of kotlin.jvm.internal.<unsafe-coerce>): R of kotlin.jvm.internal.<unsafe-coerce> declared in kotlin.jvm.internal' type=androidx.compose.ui.graphics.Color origin=null
          TYPE_ARG T: kotlin.Long
          TYPE_ARG R: androidx.compose.ui.graphics.Color
          ARG v: CONST Long type=kotlin.Long value=0
      ARG contentColor: COMPOSITE type=androidx.compose.ui.graphics.Color origin=DEFAULT_VALUE
        CALL 'public final fun <unsafe-coerce> <T, R> (v: T of kotlin.jvm.internal.<unsafe-coerce>): R of kotlin.jvm.internal.<unsafe-coerce> declared in kotlin.jvm.internal' type=androidx.compose.ui.graphics.Color origin=null
          TYPE_ARG T: kotlin.Long
          TYPE_ARG R: androidx.compose.ui.graphics.Color
          ARG v: CONST Long type=kotlin.Long value=0
      ARG content: BLOCK type=kotlin.Function1<androidx.compose.foundation.layout.PaddingValues, kotlin.Unit> origin=LAMBDA
        COMPOSITE type=kotlin.Unit origin=null
        CALL 'public final fun <jvm-indy> <T> (dynamicCall: T of kotlin.jvm.internal.<jvm-indy>, bootstrapMethodHandle: kotlin.Any, vararg bootstrapMethodArguments: kotlin.Any): T of kotlin.jvm.internal.<jvm-indy> declared in kotlin.jvm.internal' type=kotlin.Function1<androidx.compose.foundation.layout.PaddingValues, kotlin.Unit> origin=null
          TYPE_ARG T: kotlin.Function1<androidx.compose.foundation.layout.PaddingValues, kotlin.Unit>
          ARG dynamicCall: CALL 'public final fun invoke (p0: androidx.compose.runtime.State<com.morotech.booknest.viewModel.bookDetails.BookDetailsUiState>): kotlin.Function1<androidx.compose.foundation.layout.PaddingValues, kotlin.Unit> declared in kotlin.jvm.internal.invokeDynamic' type=kotlin.Function1<androidx.compose.foundation.layout.PaddingValues, kotlin.Unit> origin=null
            ARG p0: GET_VAR 'val state$delegate: androidx.compose.runtime.State<com.morotech.booknest.viewModel.bookDetails.BookDetailsUiState> [val] declared in com.morotech.booknest.ui.BookDetailsScreenKt.BookDetailsScreen' type=androidx.compose.runtime.State<com.morotech.booknest.viewModel.bookDetails.BookDetailsUiState> origin=null
          ARG bootstrapMethodHandle: CALL 'public final fun <jvm-method-handle> (tag: kotlin.Int, owner: kotlin.String, name: kotlin.String, descriptor: kotlin.String, isInterface: kotlin.Boolean): kotlin.Any declared in kotlin.jvm.internal' type=kotlin.Any origin=null
            ARG tag: CONST Int type=kotlin.Int value=6
            ARG owner: CONST String type=kotlin.String value="java/lang/invoke/LambdaMetafactory"
            ARG name: CONST String type=kotlin.String value="metafactory"
            ARG descriptor: CONST String type=kotlin.String value="(Ljava/lang/invoke/MethodHandles$Lookup;Ljava/lang/String;Ljava/lang/invoke/MethodType;Ljava/lang/invoke/MethodType;Ljava/lang/invoke/MethodHandle;Ljava/lang/invoke/MethodType;)Ljava/lang/invoke/CallSite;"
            ARG isInterface: CONST Boolean type=kotlin.Boolean value=false
          ARG bootstrapMethodArguments: VARARG type=kotlin.Array<kotlin.Any> varargElementType=kotlin.Any
            CALL 'public final fun <jvm-original-method-type> (method: kotlin.Any): kotlin.Any declared in kotlin.jvm.internal' type=kotlin.Any origin=null
              ARG method: RAW_FUNCTION_REFERENCE 'public abstract fun invoke (p1: P1 of kotlin.Function1): R of kotlin.Function1 [operator] declared in kotlin.Function1' type=kotlin.Any
            RAW_FUNCTION_REFERENCE 'private final fun BookDetailsScreen$lambda$9 ($state$delegate: androidx.compose.runtime.State<com.morotech.booknest.viewModel.bookDetails.BookDetailsUiState>, padding: androidx.compose.foundation.layout.PaddingValues): kotlin.Unit? declared in com.morotech.booknest.ui.BookDetailsScreenKt' type=kotlin.Any
            CALL 'public final fun <jvm-original-method-type> (method: kotlin.Any): kotlin.Any declared in kotlin.jvm.internal' type=kotlin.Any origin=null
              ARG method: RAW_FUNCTION_REFERENCE 'public abstract fun invoke (p1: androidx.compose.foundation.layout.PaddingValues): kotlin.Unit? [fake_override,operator] declared in kotlin.jvm.internal.invokeDynamic.<fake>' type=kotlin.Any
      ARG $mask0: CONST Int type=kotlin.Int value=131067
      ARG $handler: CONST Null type=kotlin.Any? value=null

	at org.jetbrains.kotlin.backend.jvm.codegen.FunctionCodegen.generate(FunctionCodegen.kt:50)
	at org.jetbrains.kotlin.backend.jvm.codegen.FunctionCodegen.generate$default(FunctionCodegen.kt:43)
	at org.jetbrains.kotlin.backend.jvm.codegen.ClassCodegen.generateMethodNode(ClassCodegen.kt:422)
	at org.jetbrains.kotlin.backend.jvm.codegen.ClassCodegen.generateMethod(ClassCodegen.kt:439)
	at org.jetbrains.kotlin.backend.jvm.codegen.ClassCodegen.generate(ClassCodegen.kt:164)
	at org.jetbrains.kotlin.backend.jvm.JvmIrCodegenFactory.generateFile(JvmIrCodegenFactory.kt:419)
	at org.jetbrains.kotlin.backend.jvm.JvmIrCodegenFactory.invokeCodegen(JvmIrCodegenFactory.kt:388)
	at org.jetbrains.kotlin.cli.jvm.compiler.KotlinToJVMBytecodeCompiler.runCodegen$cli(KotlinToJVMBytecodeCompiler.kt:431)
	at org.jetbrains.kotlin.cli.pipeline.jvm.JvmBackendPipelinePhase.executePhase(JvmBackendPipelinePhase.kt:95)
	at org.jetbrains.kotlin.cli.pipeline.jvm.JvmBackendPipelinePhase.executePhase(JvmBackendPipelinePhase.kt:36)
	at org.jetbrains.kotlin.cli.pipeline.jvm.JvmBackendPipelinePhase.executePhase(JvmBackendPipelinePhase.kt:29)
	at org.jetbrains.kotlin.cli.pipeline.PipelinePhase.phaseBody(PipelinePhase.kt:68)
	at org.jetbrains.kotlin.cli.pipeline.PipelinePhase.phaseBody(PipelinePhase.kt:58)
	at org.jetbrains.kotlin.config.phaser.NamedCompilerPhase.invoke(CompilerPhase.kt:102)
	at org.jetbrains.kotlin.backend.common.phaser.CompositePhase.invoke(PhaseBuilders.kt:22)
	at org.jetbrains.kotlin.config.phaser.CompilerPhaseKt.invokeToplevel(CompilerPhase.kt:53)
	at org.jetbrains.kotlin.cli.pipeline.AbstractCliPipeline.runPhasedPipeline(AbstractCliPipeline.kt:109)
	at org.jetbrains.kotlin.cli.pipeline.AbstractCliPipeline.execute(AbstractCliPipeline.kt:68)
	at org.jetbrains.kotlin.cli.jvm.K2JVMCompiler.doExecutePhased(K2JVMCompiler.kt:78)
	at org.jetbrains.kotlin.cli.jvm.K2JVMCompiler.doExecutePhased(K2JVMCompiler.kt:44)
	at org.jetbrains.kotlin.cli.common.CLICompiler.execImpl(CLICompiler.kt:90)
	at org.jetbrains.kotlin.cli.common.CLICompiler.exec(CLICompiler.kt:352)
	at org.jetbrains.kotlin.incremental.IncrementalJvmCompilerRunnerBase.runCompiler(IncrementalJvmCompilerRunnerBase.kt:175)
	at org.jetbrains.kotlin.incremental.IncrementalJvmCompilerRunnerBase.runCompiler(IncrementalJvmCompilerRunnerBase.kt:38)
	at org.jetbrains.kotlin.incremental.IncrementalCompilerRunner.doCompile(IncrementalCompilerRunner.kt:504)
	at org.jetbrains.kotlin.incremental.IncrementalCompilerRunner.compileImpl(IncrementalCompilerRunner.kt:421)
	at org.jetbrains.kotlin.incremental.IncrementalCompilerRunner.compileNonIncrementally(IncrementalCompilerRunner.kt:306)
	at org.jetbrains.kotlin.incremental.IncrementalCompilerRunner.compile(IncrementalCompilerRunner.kt:133)
	at org.jetbrains.kotlin.daemon.CompileServiceImplBase.execIncrementalCompiler(CompileServiceImpl.kt:679)
	at org.jetbrains.kotlin.daemon.CompileServiceImplBase.access$execIncrementalCompiler(CompileServiceImpl.kt:93)
	at org.jetbrains.kotlin.daemon.CompileServiceImpl.compile(CompileServiceImpl.kt:1806)
	at java.base/jdk.internal.reflect.DirectMethodHandleAccessor.invoke(Unknown Source)
	at java.base/java.lang.reflect.Method.invoke(Unknown Source)
	at java.rmi/sun.rmi.server.UnicastServerRef.dispatch(Unknown Source)
	at java.rmi/sun.rmi.transport.Transport$1.run(Unknown Source)
	at java.rmi/sun.rmi.transport.Transport$1.run(Unknown Source)
	at java.base/java.security.AccessController.doPrivileged(Unknown Source)
	at java.rmi/sun.rmi.transport.Transport.serviceCall(Unknown Source)
	at java.rmi/sun.rmi.transport.tcp.TCPTransport.handleMessages(Unknown Source)
	at java.rmi/sun.rmi.transport.tcp.TCPTransport$ConnectionHandler.run0(Unknown Source)
	at java.rmi/sun.rmi.transport.tcp.TCPTransport$ConnectionHandler.lambda$run$0(Unknown Source)
	at java.base/java.security.AccessController.doPrivileged(Unknown Source)
	at java.rmi/sun.rmi.transport.tcp.TCPTransport$ConnectionHandler.run(Unknown Source)
	at java.base/java.util.concurrent.ThreadPoolExecutor.runWorker(Unknown Source)
	at java.base/java.util.concurrent.ThreadPoolExecutor$Worker.run(Unknown Source)
	at java.base/java.lang.Thread.run(Unknown Source)
Caused by: org.jetbrains.kotlin.codegen.CompilationException: Back-end (JVM) Internal error: Couldn't inline method call: CALL 'public final fun koinViewModel$default <T> (qualifier: org.koin.core.qualifier.Qualifier?, viewModelStoreOwner: androidx.lifecycle.ViewModelStoreOwner?, key: kotlin.String?, extras: androidx.lifecycle.viewmodel.CreationExtras?, scope: org.koin.core.scope.Scope?, parameters: kotlin.Function0<org.koin.core.parameter.ParametersHolder>?, $mask0: kotlin.Int, $handler: kotlin.Any?): T of org.koin.androidx.compose.ViewModelKt.koinViewModel$default [inline] declared in org.koin.androidx.compose.ViewModelKt' type=T of org.koin.androidx.compose.ViewModelKt.koinViewModel$default origin=DEFAULT_DISPATCH_CALL
Method: null
File is unknown
The root cause java.lang.IllegalStateException was thrown at: org.jetbrains.kotlin.codegen.inline.SourceCompilerForInlineKt.getMethodNode(SourceCompilerForInline.kt:129)
	at org.jetbrains.kotlin.backend.jvm.codegen.IrInlineCodegen.genInlineCall(IrInlineCodegen.kt:82)
	at org.jetbrains.kotlin.backend.jvm.codegen.IrInlineCallGenerator.genCall(IrInlineCallGenerator.kt:36)
	at org.jetbrains.kotlin.backend.jvm.codegen.ExpressionCodegen.visitCall(ExpressionCodegen.kt:586)
	at org.jetbrains.kotlin.backend.jvm.codegen.ExpressionCodegen.visitCall(ExpressionCodegen.kt:135)
	at org.jetbrains.kotlin.ir.expressions.IrCall.accept(IrCall.kt:24)
	at org.jetbrains.kotlin.backend.jvm.codegen.ExpressionCodegen.visitTypeOperator(ExpressionCodegen.kt:1075)
	at org.jetbrains.kotlin.backend.jvm.codegen.ExpressionCodegen.visitTypeOperator(ExpressionCodegen.kt:135)
	at org.jetbrains.kotlin.ir.expressions.IrTypeOperatorCall.accept(IrTypeOperatorCall.kt:26)
	at org.jetbrains.kotlin.backend.jvm.codegen.ExpressionCodegen.visitVariable(ExpressionCodegen.kt:725)
	at org.jetbrains.kotlin.backend.jvm.codegen.ExpressionCodegen.visitVariable(ExpressionCodegen.kt:135)
	at org.jetbrains.kotlin.ir.declarations.IrVariable.accept(IrVariable.kt:36)
	at org.jetbrains.kotlin.backend.jvm.codegen.ExpressionCodegen.visitStatementContainer(ExpressionCodegen.kt:527)
	at org.jetbrains.kotlin.backend.jvm.codegen.ExpressionCodegen.visitBlockBody(ExpressionCodegen.kt:532)
	at org.jetbrains.kotlin.backend.jvm.codegen.ExpressionCodegen.visitBlockBody(ExpressionCodegen.kt:135)
	at org.jetbrains.kotlin.ir.expressions.IrBlockBody.accept(IrBlockBody.kt:20)
	at org.jetbrains.kotlin.backend.jvm.codegen.ExpressionCodegen.generate(ExpressionCodegen.kt:233)
	at org.jetbrains.kotlin.backend.jvm.codegen.FunctionCodegen.doGenerate(FunctionCodegen.kt:126)
	at org.jetbrains.kotlin.backend.jvm.codegen.FunctionCodegen.generate(FunctionCodegen.kt:47)
	... 45 more
Caused by: java.lang.IllegalStateException: couldn't find inline method Lorg/koin/androidx/compose/ViewModelKt;.koinViewModel$default(Lorg/koin/core/qualifier/Qualifier;Landroidx/lifecycle/ViewModelStoreOwner;Ljava/lang/String;Landroidx/lifecycle/viewmodel/CreationExtras;Lorg/koin/core/scope/Scope;Lkotlin/jvm/functions/Function0;ILjava/lang/Object;)Landroidx/lifecycle/ViewModel;
	at org.jetbrains.kotlin.codegen.inline.SourceCompilerForInlineKt.getMethodNode(SourceCompilerForInline.kt:129)
	at org.jetbrains.kotlin.codegen.inline.SourceCompilerForInlineKt.loadCompiledInlineFunction$lambda$2(SourceCompilerForInline.kt:98)
	at org.jetbrains.kotlin.codegen.inline.InlineCache.computeMethodBytes(InlineCache.kt:90)
	at org.jetbrains.kotlin.codegen.inline.SourceCompilerForInlineKt.loadCompiledInlineFunction(SourceCompilerForInline.kt:93)
	at org.jetbrains.kotlin.backend.jvm.codegen.IrSourceCompilerForInline.compileInlineFunction(IrSourceCompilerForInline.kt:96)
	at org.jetbrains.kotlin.backend.jvm.codegen.IrInlineCodegen.genInlineCall(IrInlineCodegen.kt:65)
	... 62 more


